# JRE version: Java(TM) SE Runtime Environment (22.0.1+8) (build 22.0.1+8-16)
# Java VM: Java HotSpot(TM) 64-Bit Server VM (22.0.1+8-16, mixed mode, sharing, tiered, compressed oops, compressed class ptrs, g1 gc, windows-amd64)
GC Precious Log:
 CardTable entry size: 512
 Card Set container configuration: InlinePtr #cards 5 size 8 Array Of Cards #cards 12 size 40 Howl #buckets 4 coarsen threshold 1843 Howl Bitmap #cards 512 size 80 coarsen threshold 460 Card regions per heap region 1 cards per card region 2048
 CPUs: 8 total, 8 available
 Memory: 14252M
 Large Page Support: Disabled
 NUMA Support: Disabled
 Compressed Oops: Enabled (32-bit)
 Heap Region Size: 1M
 Heap Min Capacity: 8M
 Heap Initial Capacity: 224M
 Heap Max Capacity: 2G
 Pre-touch: Disabled
 Parallel Workers: 8
 Concurrent Workers: 2
 Concurrent Refinement Workers: 8
 Periodic GC: Disabled
Heap:
 garbage-first heap   total reserved 2097152K, committed 244736K, used 152935K [0x0000000080000000, 0x0000000100000000)
  region size 1024K, 12 young (12288K), 7 survivors (7168K)
 Metaspace       used 108566K, committed 110976K, reserved 1179648K
  class space    used 15176K, committed 16320K, reserved 1048576K
GC Heap History (20 events):
Event: 15.378 GC heap before
{Heap before GC invocations=31 (full 0):
 garbage-first heap   total reserved 2097152K, committed 143360K, used 94203K [0x0000000080000000, 0x0000000100000000)
  region size 1024K, 16 young (16384K), 5 survivors (5120K)
 Metaspace       used 74497K, committed 76544K, reserved 1114112K
  class space    used 11021K, committed 12032K, reserved 1048576K
}
Event: 15.382 GC heap after
{Heap after GC invocations=32 (full 0):
 garbage-first heap   total reserved 2097152K, committed 143360K, used 84911K [0x0000000080000000, 0x0000000100000000)
  region size 1024K, 4 young (4096K), 4 survivors (4096K)
 Metaspace       used 74497K, committed 76544K, reserved 1114112K
  class space    used 11021K, committed 12032K, reserved 1048576K
}
Event: 16.006 GC heap before
{Heap before GC invocations=33 (full 0):
 garbage-first heap   total reserved 2097152K, committed 150528K, used 126895K [0x0000000080000000, 0x0000000100000000)
  region size 1024K, 41 young (41984K), 4 survivors (4096K)
 Metaspace       used 77327K, committed 79296K, reserved 1179648K
  class space    used 11409K, committed 12352K, reserved 1048576K
}
Event: 16.011 GC heap after
{Heap after GC invocations=34 (full 0):
 garbage-first heap   total reserved 2097152K, committed 150528K, used 91679K [0x0000000080000000, 0x0000000100000000)
  region size 1024K, 6 young (6144K), 6 survivors (6144K)
 Metaspace       used 77327K, committed 79296K, reserved 1179648K
  class space    used 11409K, committed 12352K, reserved 1048576K
}
Event: 16.482 GC heap before
{Heap before GC invocations=34 (full 0):
 garbage-first heap   total reserved 2097152K, committed 150528K, used 130591K [0x0000000080000000, 0x0000000100000000)
  region size 1024K, 45 young (46080K), 6 survivors (6144K)
 Metaspace       used 79032K, committed 81024K, reserved 1179648K
  class space    used 11601K, committed 12544K, reserved 1048576K
}
Event: 16.489 GC heap after
{Heap after GC invocations=35 (full 0):
 garbage-first heap   total reserved 2097152K, committed 150528K, used 95387K [0x0000000080000000, 0x0000000100000000)
  region size 1024K, 6 young (6144K), 6 survivors (6144K)
 Metaspace       used 79032K, committed 81024K, reserved 1179648K
  class space    used 11601K, committed 12544K, reserved 1048576K
}
Event: 17.042 GC heap before
{Heap before GC invocations=35 (full 0):
 garbage-first heap   total reserved 2097152K, committed 150528K, used 133275K [0x0000000080000000, 0x0000000100000000)
  region size 1024K, 43 young (44032K), 6 survivors (6144K)
 Metaspace       used 82926K, committed 84928K, reserved 1179648K
  class space    used 12104K, committed 13056K, reserved 1048576K
}
Event: 17.049 GC heap after
{Heap after GC invocations=36 (full 0):
 garbage-first heap   total reserved 2097152K, committed 181248K, used 98288K [0x0000000080000000, 0x0000000100000000)
  region size 1024K, 4 young (4096K), 4 survivors (4096K)
 Metaspace       used 82926K, committed 84928K, reserved 1179648K
  class space    used 12104K, committed 13056K, reserved 1048576K
}
Event: 17.972 GC heap before
{Heap before GC invocations=37 (full 0):
 garbage-first heap   total reserved 2097152K, committed 181248K, used 168944K [0x0000000080000000, 0x0000000100000000)
  region size 1024K, 58 young (59392K), 4 survivors (4096K)
 Metaspace       used 89569K, committed 91712K, reserved 1179648K
  class space    used 12935K, committed 13952K, reserved 1048576K
}
Event: 17.979 GC heap after
{Heap after GC invocations=38 (full 0):
 garbage-first heap   total reserved 2097152K, committed 181248K, used 109592K [0x0000000080000000, 0x0000000100000000)
  region size 1024K, 8 young (8192K), 8 survivors (8192K)
 Metaspace       used 89569K, committed 91712K, reserved 1179648K
  class space    used 12935K, committed 13952K, reserved 1048576K
}
Event: 18.249 GC heap before
{Heap before GC invocations=38 (full 0):
 garbage-first heap   total reserved 2097152K, committed 181248K, used 159768K [0x0000000080000000, 0x0000000100000000)
  region size 1024K, 56 young (57344K), 8 survivors (8192K)
 Metaspace       used 89688K, committed 91776K, reserved 1179648K
  class space    used 12940K, committed 13952K, reserved 1048576K
}
Event: 18.271 GC heap after
{Heap after GC invocations=39 (full 0):
 garbage-first heap   total reserved 2097152K, committed 184320K, used 116663K [0x0000000080000000, 0x0000000100000000)
  region size 1024K, 7 young (7168K), 7 survivors (7168K)
 Metaspace       used 89688K, committed 91776K, reserved 1179648K
  class space    used 12940K, committed 13952K, reserved 1048576K
}
Event: 18.565 GC heap before
{Heap before GC invocations=39 (full 0):
 garbage-first heap   total reserved 2097152K, committed 184320K, used 159671K [0x0000000080000000, 0x0000000100000000)
  region size 1024K, 49 young (50176K), 7 survivors (7168K)
 Metaspace       used 90121K, committed 92160K, reserved 1179648K
  class space    used 12977K, committed 13952K, reserved 1048576K
}
Event: 18.580 GC heap after
{Heap after GC invocations=40 (full 0):
 garbage-first heap   total reserved 2097152K, committed 184320K, used 129321K [0x0000000080000000, 0x0000000100000000)
  region size 1024K, 7 young (7168K), 7 survivors (7168K)
 Metaspace       used 90121K, committed 92160K, reserved 1179648K
  class space    used 12977K, committed 13952K, reserved 1048576K
}
Event: 19.418 GC heap before
{Heap before GC invocations=41 (full 0):
 garbage-first heap   total reserved 2097152K, committed 215040K, used 168233K [0x0000000080000000, 0x0000000100000000)
  region size 1024K, 39 young (39936K), 7 survivors (7168K)
 Metaspace       used 94003K, committed 96000K, reserved 1179648K
  class space    used 13452K, committed 14400K, reserved 1048576K
}
Event: 19.426 GC heap after
{Heap after GC invocations=42 (full 0):
 garbage-first heap   total reserved 2097152K, committed 215040K, used 139396K [0x0000000080000000, 0x0000000100000000)
  region size 1024K, 3 young (3072K), 3 survivors (3072K)
 Metaspace       used 94003K, committed 96000K, reserved 1179648K
  class space    used 13452K, committed 14400K, reserved 1048576K
}
Event: 20.331 GC heap before
{Heap before GC invocations=42 (full 0):
 garbage-first heap   total reserved 2097152K, committed 215040K, used 188548K [0x0000000080000000, 0x0000000100000000)
  region size 1024K, 51 young (52224K), 3 survivors (3072K)
 Metaspace       used 98457K, committed 100544K, reserved 1179648K
  class space    used 13848K, committed 14848K, reserved 1048576K
}
Event: 20.339 GC heap after
{Heap after GC invocations=43 (full 0):
 garbage-first heap   total reserved 2097152K, committed 215040K, used 142423K [0x0000000080000000, 0x0000000100000000)
  region size 1024K, 7 young (7168K), 7 survivors (7168K)
 Metaspace       used 98457K, committed 100544K, reserved 1179648K
  class space    used 13848K, committed 14848K, reserved 1048576K
}
Event: 21.056 GC heap before
{Heap before GC invocations=43 (full 0):
 garbage-first heap   total reserved 2097152K, committed 215040K, used 191575K [0x0000000080000000, 0x0000000100000000)
  region size 1024K, 55 young (56320K), 7 survivors (7168K)
 Metaspace       used 104402K, committed 106816K, reserved 1179648K
  class space    used 14639K, committed 15808K, reserved 1048576K
}
Event: 21.063 GC heap after
{Heap after GC invocations=44 (full 0):
 garbage-first heap   total reserved 2097152K, committed 215040K, used 145688K [0x0000000080000000, 0x0000000100000000)
  region size 1024K, 4 young (4096K), 4 survivors (4096K)
 Metaspace       used 104402K, committed 106816K, reserved 1179648K
  class space    used 14639K, committed 15808K, reserved 1048576K
}

