# JRE version: Java(TM) SE Runtime Environment (22.0.1+8) (build 22.0.1+8-16)
# Java VM: Java HotSpot(TM) 64-Bit Server VM (22.0.1+8-16, mixed mode, sharing, tiered, compressed oops, compressed class ptrs, g1 gc, windows-amd64)
GC Precious Log:
 CardTable entry size: 512
 Card Set container configuration: InlinePtr #cards 5 size 8 Array Of Cards #cards 12 size 40 Howl #buckets 4 coarsen threshold 1843 Howl Bitmap #cards 512 size 80 coarsen threshold 460 Card regions per heap region 1 cards per card region 2048
 CPUs: 8 total, 8 available
 Memory: 14252M
 Large Page Support: Disabled
 NUMA Support: Disabled
 Compressed Oops: Enabled (32-bit)
 Heap Region Size: 1M
 Heap Min Capacity: 8M
 Heap Initial Capacity: 224M
 Heap Max Capacity: 2G
 Pre-touch: Disabled
 Parallel Workers: 8
 Concurrent Workers: 2
 Concurrent Refinement Workers: 8
 Periodic GC: Disabled
Heap:
 garbage-first heap   total reserved 2097152K, committed 236544K, used 123901K [0x0000000080000000, 0x0000000100000000)
  region size 1024K, 5 young (5120K), 5 survivors (5120K)
 Metaspace       used 106226K, committed 108544K, reserved 1179648K
  class space    used 14884K, committed 16000K, reserved 1048576K
GC Heap History (20 events):
Event: 26.960 GC heap after
{Heap after GC invocations=48 (full 0):
 garbage-first heap   total reserved 2097152K, committed 214016K, used 141203K [0x0000000080000000, 0x0000000100000000)
  region size 1024K, 8 young (8192K), 8 survivors (8192K)
 Metaspace       used 102101K, committed 104384K, reserved 1179648K
  class space    used 14449K, committed 15552K, reserved 1048576K
}
Event: 27.364 GC heap before
{Heap before GC invocations=48 (full 0):
 garbage-first heap   total reserved 2097152K, committed 214016K, used 191379K [0x0000000080000000, 0x0000000100000000)
  region size 1024K, 58 young (59392K), 8 survivors (8192K)
 Metaspace       used 103338K, committed 105664K, reserved 1179648K
  class space    used 14564K, committed 15680K, reserved 1048576K
}
Event: 27.369 GC heap after
{Heap after GC invocations=49 (full 0):
 garbage-first heap   total reserved 2097152K, committed 214016K, used 138924K [0x0000000080000000, 0x0000000100000000)
  region size 1024K, 2 young (2048K), 2 survivors (2048K)
 Metaspace       used 103338K, committed 105664K, reserved 1179648K
  class space    used 14564K, committed 15680K, reserved 1048576K
}
Event: 28.265 GC heap before
{Heap before GC invocations=50 (full 0):
 garbage-first heap   total reserved 2097152K, committed 225280K, used 187052K [0x0000000080000000, 0x0000000100000000)
  region size 1024K, 55 young (56320K), 2 survivors (2048K)
 Metaspace       used 104112K, committed 106368K, reserved 1179648K
  class space    used 14646K, committed 15744K, reserved 1048576K
}
Event: 28.271 GC heap after
{Heap after GC invocations=51 (full 0):
 garbage-first heap   total reserved 2097152K, committed 225280K, used 136173K [0x0000000080000000, 0x0000000100000000)
  region size 1024K, 4 young (4096K), 4 survivors (4096K)
 Metaspace       used 104112K, committed 106368K, reserved 1179648K
  class space    used 14646K, committed 15744K, reserved 1048576K
}
Event: 29.590 GC heap before
{Heap before GC invocations=51 (full 0):
 garbage-first heap   total reserved 2097152K, committed 225280K, used 201709K [0x0000000080000000, 0x0000000100000000)
  region size 1024K, 69 young (70656K), 4 survivors (4096K)
 Metaspace       used 105487K, committed 107840K, reserved 1179648K
  class space    used 14799K, committed 15936K, reserved 1048576K
}
Event: 29.597 GC heap after
{Heap after GC invocations=52 (full 0):
 garbage-first heap   total reserved 2097152K, committed 225280K, used 131507K [0x0000000080000000, 0x0000000100000000)
  region size 1024K, 7 young (7168K), 7 survivors (7168K)
 Metaspace       used 105487K, committed 107840K, reserved 1179648K
  class space    used 14799K, committed 15936K, reserved 1048576K
}
Event: 30.415 GC heap before
{Heap before GC invocations=52 (full 0):
 garbage-first heap   total reserved 2097152K, committed 225280K, used 202163K [0x0000000080000000, 0x0000000100000000)
  region size 1024K, 77 young (78848K), 7 survivors (7168K)
 Metaspace       used 106178K, committed 108544K, reserved 1179648K
  class space    used 14884K, committed 16000K, reserved 1048576K
}
Event: 30.425 GC heap after
{Heap after GC invocations=53 (full 0):
 garbage-first heap   total reserved 2097152K, committed 225280K, used 134468K [0x0000000080000000, 0x0000000100000000)
  region size 1024K, 5 young (5120K), 5 survivors (5120K)
 Metaspace       used 106178K, committed 108544K, reserved 1179648K
  class space    used 14884K, committed 16000K, reserved 1048576K
}
Event: 30.515 GC heap before
{Heap before GC invocations=53 (full 0):
 garbage-first heap   total reserved 2097152K, committed 225280K, used 204100K [0x0000000080000000, 0x0000000100000000)
  region size 1024K, 74 young (75776K), 5 survivors (5120K)
 Metaspace       used 106182K, committed 108544K, reserved 1179648K
  class space    used 14884K, committed 16000K, reserved 1048576K
}
Event: 30.520 GC heap after
{Heap after GC invocations=54 (full 0):
 garbage-first heap   total reserved 2097152K, committed 225280K, used 135083K [0x0000000080000000, 0x0000000100000000)
  region size 1024K, 5 young (5120K), 5 survivors (5120K)
 Metaspace       used 106182K, committed 108544K, reserved 1179648K
  class space    used 14884K, committed 16000K, reserved 1048576K
}
Event: 30.727 GC heap before
{Heap before GC invocations=55 (full 0):
 garbage-first heap   total reserved 2097152K, committed 227328K, used 205739K [0x0000000080000000, 0x0000000100000000)
  region size 1024K, 75 young (76800K), 5 survivors (5120K)
 Metaspace       used 106189K, committed 108544K, reserved 1179648K
  class space    used 14884K, committed 16000K, reserved 1048576K
}
Event: 30.733 GC heap after
{Heap after GC invocations=56 (full 0):
 garbage-first heap   total reserved 2097152K, committed 227328K, used 134255K [0x0000000080000000, 0x0000000100000000)
  region size 1024K, 5 young (5120K), 5 survivors (5120K)
 Metaspace       used 106189K, committed 108544K, reserved 1179648K
  class space    used 14884K, committed 16000K, reserved 1048576K
}
Event: 30.883 GC heap before
{Heap before GC invocations=56 (full 0):
 garbage-first heap   total reserved 2097152K, committed 227328K, used 207983K [0x0000000080000000, 0x0000000100000000)
  region size 1024K, 78 young (79872K), 5 survivors (5120K)
 Metaspace       used 106191K, committed 108544K, reserved 1179648K
  class space    used 14884K, committed 16000K, reserved 1048576K
}
Event: 30.889 GC heap after
{Heap after GC invocations=57 (full 0):
 garbage-first heap   total reserved 2097152K, committed 227328K, used 126796K [0x0000000080000000, 0x0000000100000000)
  region size 1024K, 5 young (5120K), 5 survivors (5120K)
 Metaspace       used 106191K, committed 108544K, reserved 1179648K
  class space    used 14884K, committed 16000K, reserved 1048576K
}
Event: 31.285 GC heap before
{Heap before GC invocations=57 (full 0):
 garbage-first heap   total reserved 2097152K, committed 227328K, used 208716K [0x0000000080000000, 0x0000000100000000)
  region size 1024K, 86 young (88064K), 5 survivors (5120K)
 Metaspace       used 106212K, committed 108544K, reserved 1179648K
  class space    used 14884K, committed 16000K, reserved 1048576K
}
Event: 31.292 GC heap after
{Heap after GC invocations=58 (full 0):
 garbage-first heap   total reserved 2097152K, committed 227328K, used 126317K [0x0000000080000000, 0x0000000100000000)
  region size 1024K, 5 young (5120K), 5 survivors (5120K)
 Metaspace       used 106212K, committed 108544K, reserved 1179648K
  class space    used 14884K, committed 16000K, reserved 1048576K
}
Event: 31.677 GC heap before
{Heap before GC invocations=59 (full 0):
 garbage-first heap   total reserved 2097152K, committed 227328K, used 208237K [0x0000000080000000, 0x0000000100000000)
  region size 1024K, 86 young (88064K), 5 survivors (5120K)
 Metaspace       used 106222K, committed 108544K, reserved 1179648K
  class space    used 14884K, committed 16000K, reserved 1048576K
}
Event: 31.683 GC heap after
{Heap after GC invocations=60 (full 0):
 garbage-first heap   total reserved 2097152K, committed 227328K, used 126699K [0x0000000080000000, 0x0000000100000000)
  region size 1024K, 5 young (5120K), 5 survivors (5120K)
 Metaspace       used 106222K, committed 108544K, reserved 1179648K
  class space    used 14884K, committed 16000K, reserved 1048576K
}
Event: 32.010 GC heap before
{Heap before GC invocations=60 (full 0):
 garbage-first heap   total reserved 2097152K, committed 227328K, used 208619K [0x0000000080000000, 0x0000000100000000)
  region size 1024K, 86 young (88064K), 5 survivors (5120K)
 Metaspace       used 106226K, committed 108544K, reserved 1179648K
  class space    used 14884K, committed 16000K, reserved 1048576K
}

