# JRE version: Java(TM) SE Runtime Environment (22.0.1+8) (build 22.0.1+8-16)
# Java VM: Java HotSpot(TM) 64-Bit Server VM (22.0.1+8-16, mixed mode, sharing, tiered, compressed oops, compressed class ptrs, g1 gc, windows-amd64)
GC Precious Log:
 CardTable entry size: 512
 Card Set container configuration: InlinePtr #cards 5 size 8 Array Of Cards #cards 12 size 40 Howl #buckets 4 coarsen threshold 1843 Howl Bitmap #cards 512 size 80 coarsen threshold 460 Card regions per heap region 1 cards per card region 2048
 CPUs: 8 total, 8 available
 Memory: 14252M
 Large Page Support: Disabled
 NUMA Support: Disabled
 Compressed Oops: Enabled (32-bit)
 Heap Region Size: 1M
 Heap Min Capacity: 8M
 Heap Initial Capacity: 224M
 Heap Max Capacity: 2G
 Pre-touch: Disabled
 Parallel Workers: 8
 Concurrent Workers: 2
 Concurrent Refinement Workers: 8
 Periodic GC: Disabled
Heap:
 garbage-first heap   total reserved 2097152K, committed 304128K, used 244995K [0x0000000080000000, 0x0000000100000000)
  region size 1024K, 80 young (81920K), 9 survivors (9216K)
 Metaspace       used 154576K, committed 157376K, reserved 1245184K
  class space    used 20780K, committed 22144K, reserved 1048576K
GC Heap History (20 events):
Event: 23.717 GC heap before
{Heap before GC invocations=45 (full 0):
 garbage-first heap   total reserved 2097152K, committed 198656K, used 180224K [0x0000000080000000, 0x0000000100000000)
  region size 1024K, 55 young (56320K), 8 survivors (8192K)
 Metaspace       used 112851K, committed 115264K, reserved 1179648K
  class space    used 15079K, committed 16192K, reserved 1048576K
}
Event: 23.730 GC heap after
{Heap after GC invocations=46 (full 0):
 garbage-first heap   total reserved 2097152K, committed 281600K, used 138682K [0x0000000080000000, 0x0000000100000000)
  region size 1024K, 7 young (7168K), 7 survivors (7168K)
 Metaspace       used 112851K, committed 115264K, reserved 1179648K
  class space    used 15079K, committed 16192K, reserved 1048576K
}
Event: 23.947 GC heap before
{Heap before GC invocations=46 (full 0):
 garbage-first heap   total reserved 2097152K, committed 281600K, used 150970K [0x0000000080000000, 0x0000000100000000)
  region size 1024K, 21 young (21504K), 7 survivors (7168K)
 Metaspace       used 113813K, committed 116224K, reserved 1179648K
  class space    used 15197K, committed 16320K, reserved 1048576K
}
Event: 23.951 GC heap after
{Heap after GC invocations=47 (full 0):
 garbage-first heap   total reserved 2097152K, committed 281600K, used 140690K [0x0000000080000000, 0x0000000100000000)
  region size 1024K, 2 young (2048K), 2 survivors (2048K)
 Metaspace       used 113813K, committed 116224K, reserved 1179648K
  class space    used 15197K, committed 16320K, reserved 1048576K
}
Event: 25.631 GC heap before
{Heap before GC invocations=48 (full 0):
 garbage-first heap   total reserved 2097152K, committed 281600K, used 235922K [0x0000000080000000, 0x0000000100000000)
  region size 1024K, 89 young (91136K), 2 survivors (2048K)
 Metaspace       used 122433K, committed 124992K, reserved 1179648K
  class space    used 16319K, committed 17536K, reserved 1048576K
}
Event: 25.637 GC heap after
{Heap after GC invocations=49 (full 0):
 garbage-first heap   total reserved 2097152K, committed 281600K, used 148641K [0x0000000080000000, 0x0000000100000000)
  region size 1024K, 8 young (8192K), 8 survivors (8192K)
 Metaspace       used 122433K, committed 124992K, reserved 1179648K
  class space    used 16319K, committed 17536K, reserved 1048576K
}
Event: 27.312 GC heap before
{Heap before GC invocations=49 (full 0):
 garbage-first heap   total reserved 2097152K, committed 281600K, used 240801K [0x0000000080000000, 0x0000000100000000)
  region size 1024K, 94 young (96256K), 8 survivors (8192K)
 Metaspace       used 129807K, committed 132352K, reserved 1179648K
  class space    used 17304K, committed 18496K, reserved 1048576K
}
Event: 27.325 GC heap after
{Heap after GC invocations=50 (full 0):
 garbage-first heap   total reserved 2097152K, committed 281600K, used 156231K [0x0000000080000000, 0x0000000100000000)
  region size 1024K, 6 young (6144K), 6 survivors (6144K)
 Metaspace       used 129807K, committed 132352K, reserved 1179648K
  class space    used 17304K, committed 18496K, reserved 1048576K
}
Event: 28.805 GC heap before
{Heap before GC invocations=50 (full 0):
 garbage-first heap   total reserved 2097152K, committed 281600K, used 226887K [0x0000000080000000, 0x0000000100000000)
  region size 1024K, 76 young (77824K), 6 survivors (6144K)
 Metaspace       used 132596K, committed 135168K, reserved 1179648K
  class space    used 17643K, committed 18880K, reserved 1048576K
}
Event: 28.813 GC heap after
{Heap after GC invocations=51 (full 0):
 garbage-first heap   total reserved 2097152K, committed 281600K, used 162980K [0x0000000080000000, 0x0000000100000000)
  region size 1024K, 12 young (12288K), 12 survivors (12288K)
 Metaspace       used 132596K, committed 135168K, reserved 1179648K
  class space    used 17643K, committed 18880K, reserved 1048576K
}
Event: 29.379 GC heap before
{Heap before GC invocations=52 (full 0):
 garbage-first heap   total reserved 2097152K, committed 281600K, used 247972K [0x0000000080000000, 0x0000000100000000)
  region size 1024K, 93 young (95232K), 12 survivors (12288K)
 Metaspace       used 132725K, committed 135296K, reserved 1179648K
  class space    used 17643K, committed 18880K, reserved 1048576K
}
Event: 29.394 GC heap after
{Heap after GC invocations=53 (full 0):
 garbage-first heap   total reserved 2097152K, committed 281600K, used 173581K [0x0000000080000000, 0x0000000100000000)
  region size 1024K, 11 young (11264K), 11 survivors (11264K)
 Metaspace       used 132725K, committed 135296K, reserved 1179648K
  class space    used 17643K, committed 18880K, reserved 1048576K
}
Event: 30.816 GC heap before
{Heap before GC invocations=53 (full 0):
 garbage-first heap   total reserved 2097152K, committed 281600K, used 250381K [0x0000000080000000, 0x0000000100000000)
  region size 1024K, 86 young (88064K), 11 survivors (11264K)
 Metaspace       used 135334K, committed 137920K, reserved 1179648K
  class space    used 17857K, committed 19072K, reserved 1048576K
}
Event: 30.829 GC heap after
{Heap after GC invocations=54 (full 0):
 garbage-first heap   total reserved 2097152K, committed 281600K, used 180184K [0x0000000080000000, 0x0000000100000000)
  region size 1024K, 9 young (9216K), 9 survivors (9216K)
 Metaspace       used 135334K, committed 137920K, reserved 1179648K
  class space    used 17857K, committed 19072K, reserved 1048576K
}
Event: 31.264 GC heap before
{Heap before GC invocations=54 (full 0):
 garbage-first heap   total reserved 2097152K, committed 281600K, used 208856K [0x0000000080000000, 0x0000000100000000)
  region size 1024K, 38 young (38912K), 9 survivors (9216K)
 Metaspace       used 137437K, committed 139968K, reserved 1179648K
  class space    used 18174K, committed 19392K, reserved 1048576K
}
Event: 31.271 GC heap after
{Heap after GC invocations=55 (full 0):
 garbage-first heap   total reserved 2097152K, committed 281600K, used 182564K [0x0000000080000000, 0x0000000100000000)
  region size 1024K, 2 young (2048K), 2 survivors (2048K)
 Metaspace       used 137437K, committed 139968K, reserved 1179648K
  class space    used 18174K, committed 19392K, reserved 1048576K
}
Event: 33.092 GC heap before
{Heap before GC invocations=56 (full 0):
 garbage-first heap   total reserved 2097152K, committed 304128K, used 256292K [0x0000000080000000, 0x0000000100000000)
  region size 1024K, 75 young (76800K), 2 survivors (2048K)
 Metaspace       used 142966K, committed 145600K, reserved 1179648K
  class space    used 19121K, committed 20352K, reserved 1048576K
}
Event: 33.097 GC heap after
{Heap after GC invocations=57 (full 0):
 garbage-first heap   total reserved 2097152K, committed 304128K, used 182529K [0x0000000080000000, 0x0000000100000000)
  region size 1024K, 4 young (4096K), 4 survivors (4096K)
 Metaspace       used 142966K, committed 145600K, reserved 1179648K
  class space    used 19121K, committed 20352K, reserved 1048576K
}
Event: 34.960 GC heap before
{Heap before GC invocations=57 (full 0):
 garbage-first heap   total reserved 2097152K, committed 304128K, used 277761K [0x0000000080000000, 0x0000000100000000)
  region size 1024K, 97 young (99328K), 4 survivors (4096K)
 Metaspace       used 149910K, committed 152704K, reserved 1245184K
  class space    used 20177K, committed 21504K, reserved 1048576K
}
Event: 34.970 GC heap after
{Heap after GC invocations=58 (full 0):
 garbage-first heap   total reserved 2097152K, committed 304128K, used 173315K [0x0000000080000000, 0x0000000100000000)
  region size 1024K, 9 young (9216K), 9 survivors (9216K)
 Metaspace       used 149910K, committed 152704K, reserved 1245184K
  class space    used 20177K, committed 21504K, reserved 1048576K
}

